#! /usr/bin/vvp
:ivl_version "11.0 (stable)";
:ivl_delay_selection "TYPICAL";
:vpi_time_precision + 0;
:vpi_module "/usr/lib/x86_64-linux-gnu/ivl/system.vpi";
:vpi_module "/usr/lib/x86_64-linux-gnu/ivl/vhdl_sys.vpi";
:vpi_module "/usr/lib/x86_64-linux-gnu/ivl/vhdl_textio.vpi";
:vpi_module "/usr/lib/x86_64-linux-gnu/ivl/v2005_math.vpi";
:vpi_module "/usr/lib/x86_64-linux-gnu/ivl/va_math.vpi";
S_0x557d97bfa840 .scope module, "fetch" "fetch" 2 1;
 .timescale 0 0;
    .port_info 0 /INPUT 64 "F_predPC";
    .port_info 1 /INPUT 4 "M_icode";
    .port_info 2 /INPUT 1 "M_Cnd";
    .port_info 3 /INPUT 64 "M_valA";
    .port_info 4 /INPUT 4 "W_icode";
    .port_info 5 /INPUT 64 "W_valM";
    .port_info 6 /OUTPUT 3 "f_stat";
    .port_info 7 /OUTPUT 4 "f_icode";
    .port_info 8 /OUTPUT 4 "f_ifun";
    .port_info 9 /OUTPUT 4 "f_rA";
    .port_info 10 /OUTPUT 4 "f_rB";
    .port_info 11 /OUTPUT 64 "f_valC";
    .port_info 12 /OUTPUT 64 "f_valP";
    .port_info 13 /OUTPUT 64 "f_predPC";
o0x7f532eea7018 .functor BUFZ 64, C4<zzzzzzzzzzzzzzzzzzzzzzzzzzzzzzzzzzzzzzzzzzzzzzzzzzzzzzzzzzzzzzzz>; HiZ drive
v0x557d97c1a870_0 .net "F_predPC", 63 0, o0x7f532eea7018;  0 drivers
o0x7f532eea7048 .functor BUFZ 1, C4<z>; HiZ drive
v0x557d97c1a950_0 .net "M_Cnd", 0 0, o0x7f532eea7048;  0 drivers
o0x7f532eea7078 .functor BUFZ 4, C4<zzzz>; HiZ drive
v0x557d97c1aa20_0 .net "M_icode", 3 0, o0x7f532eea7078;  0 drivers
o0x7f532eea70a8 .functor BUFZ 64, C4<zzzzzzzzzzzzzzzzzzzzzzzzzzzzzzzzzzzzzzzzzzzzzzzzzzzzzzzzzzzzzzzz>; HiZ drive
v0x557d97c1ab20_0 .net "M_valA", 63 0, o0x7f532eea70a8;  0 drivers
o0x7f532eea70d8 .functor BUFZ 4, C4<zzzz>; HiZ drive
v0x557d97c1abf0_0 .net "W_icode", 3 0, o0x7f532eea70d8;  0 drivers
o0x7f532eea7108 .functor BUFZ 64, C4<zzzzzzzzzzzzzzzzzzzzzzzzzzzzzzzzzzzzzzzzzzzzzzzzzzzzzzzzzzzzzzzz>; HiZ drive
v0x557d97c1ace0_0 .net "W_valM", 63 0, o0x7f532eea7108;  0 drivers
v0x557d97c1adb0_0 .net "f_PC", 63 0, v0x557d97c199d0_0;  1 drivers
v0x557d97c1ae80_0 .var "f_icode", 3 0;
v0x557d97c1af70_0 .var "f_ifun", 3 0;
v0x557d97c1b010_0 .net "f_predPC", 63 0, v0x557d97c19f20_0;  1 drivers
v0x557d97c1b0d0_0 .var "f_rA", 3 0;
v0x557d97c1b190_0 .var "f_rB", 3 0;
v0x557d97c1b270_0 .net "f_stat", 2 0, v0x557d97c1a570_0;  1 drivers
v0x557d97c1b360_0 .var "f_valC", 63 0;
v0x557d97c1b430_0 .var "f_valP", 63 0;
v0x557d97c1b500_0 .var "halt", 0 0;
v0x557d97c1b5a0 .array "inst_memo", 127 0, 7 0;
v0x557d97c1c660_0 .var "invalid_instr", 0 0;
v0x557d97c1c730_0 .var "memory_error", 0 0;
v0x557d97c1c800_0 .var "temp", 0 7;
v0x557d97c1b5a0_0 .array/port v0x557d97c1b5a0, 0;
v0x557d97c1b5a0_1 .array/port v0x557d97c1b5a0, 1;
v0x557d97c1b5a0_2 .array/port v0x557d97c1b5a0, 2;
E_0x557d97be66f0/0 .event edge, v0x557d97c199d0_0, v0x557d97c1b5a0_0, v0x557d97c1b5a0_1, v0x557d97c1b5a0_2;
v0x557d97c1b5a0_3 .array/port v0x557d97c1b5a0, 3;
v0x557d97c1b5a0_4 .array/port v0x557d97c1b5a0, 4;
v0x557d97c1b5a0_5 .array/port v0x557d97c1b5a0, 5;
v0x557d97c1b5a0_6 .array/port v0x557d97c1b5a0, 6;
E_0x557d97be66f0/1 .event edge, v0x557d97c1b5a0_3, v0x557d97c1b5a0_4, v0x557d97c1b5a0_5, v0x557d97c1b5a0_6;
v0x557d97c1b5a0_7 .array/port v0x557d97c1b5a0, 7;
v0x557d97c1b5a0_8 .array/port v0x557d97c1b5a0, 8;
v0x557d97c1b5a0_9 .array/port v0x557d97c1b5a0, 9;
v0x557d97c1b5a0_10 .array/port v0x557d97c1b5a0, 10;
E_0x557d97be66f0/2 .event edge, v0x557d97c1b5a0_7, v0x557d97c1b5a0_8, v0x557d97c1b5a0_9, v0x557d97c1b5a0_10;
v0x557d97c1b5a0_11 .array/port v0x557d97c1b5a0, 11;
v0x557d97c1b5a0_12 .array/port v0x557d97c1b5a0, 12;
v0x557d97c1b5a0_13 .array/port v0x557d97c1b5a0, 13;
v0x557d97c1b5a0_14 .array/port v0x557d97c1b5a0, 14;
E_0x557d97be66f0/3 .event edge, v0x557d97c1b5a0_11, v0x557d97c1b5a0_12, v0x557d97c1b5a0_13, v0x557d97c1b5a0_14;
v0x557d97c1b5a0_15 .array/port v0x557d97c1b5a0, 15;
v0x557d97c1b5a0_16 .array/port v0x557d97c1b5a0, 16;
v0x557d97c1b5a0_17 .array/port v0x557d97c1b5a0, 17;
v0x557d97c1b5a0_18 .array/port v0x557d97c1b5a0, 18;
E_0x557d97be66f0/4 .event edge, v0x557d97c1b5a0_15, v0x557d97c1b5a0_16, v0x557d97c1b5a0_17, v0x557d97c1b5a0_18;
v0x557d97c1b5a0_19 .array/port v0x557d97c1b5a0, 19;
v0x557d97c1b5a0_20 .array/port v0x557d97c1b5a0, 20;
v0x557d97c1b5a0_21 .array/port v0x557d97c1b5a0, 21;
v0x557d97c1b5a0_22 .array/port v0x557d97c1b5a0, 22;
E_0x557d97be66f0/5 .event edge, v0x557d97c1b5a0_19, v0x557d97c1b5a0_20, v0x557d97c1b5a0_21, v0x557d97c1b5a0_22;
v0x557d97c1b5a0_23 .array/port v0x557d97c1b5a0, 23;
v0x557d97c1b5a0_24 .array/port v0x557d97c1b5a0, 24;
v0x557d97c1b5a0_25 .array/port v0x557d97c1b5a0, 25;
v0x557d97c1b5a0_26 .array/port v0x557d97c1b5a0, 26;
E_0x557d97be66f0/6 .event edge, v0x557d97c1b5a0_23, v0x557d97c1b5a0_24, v0x557d97c1b5a0_25, v0x557d97c1b5a0_26;
v0x557d97c1b5a0_27 .array/port v0x557d97c1b5a0, 27;
v0x557d97c1b5a0_28 .array/port v0x557d97c1b5a0, 28;
v0x557d97c1b5a0_29 .array/port v0x557d97c1b5a0, 29;
v0x557d97c1b5a0_30 .array/port v0x557d97c1b5a0, 30;
E_0x557d97be66f0/7 .event edge, v0x557d97c1b5a0_27, v0x557d97c1b5a0_28, v0x557d97c1b5a0_29, v0x557d97c1b5a0_30;
v0x557d97c1b5a0_31 .array/port v0x557d97c1b5a0, 31;
v0x557d97c1b5a0_32 .array/port v0x557d97c1b5a0, 32;
v0x557d97c1b5a0_33 .array/port v0x557d97c1b5a0, 33;
v0x557d97c1b5a0_34 .array/port v0x557d97c1b5a0, 34;
E_0x557d97be66f0/8 .event edge, v0x557d97c1b5a0_31, v0x557d97c1b5a0_32, v0x557d97c1b5a0_33, v0x557d97c1b5a0_34;
v0x557d97c1b5a0_35 .array/port v0x557d97c1b5a0, 35;
v0x557d97c1b5a0_36 .array/port v0x557d97c1b5a0, 36;
v0x557d97c1b5a0_37 .array/port v0x557d97c1b5a0, 37;
v0x557d97c1b5a0_38 .array/port v0x557d97c1b5a0, 38;
E_0x557d97be66f0/9 .event edge, v0x557d97c1b5a0_35, v0x557d97c1b5a0_36, v0x557d97c1b5a0_37, v0x557d97c1b5a0_38;
v0x557d97c1b5a0_39 .array/port v0x557d97c1b5a0, 39;
v0x557d97c1b5a0_40 .array/port v0x557d97c1b5a0, 40;
v0x557d97c1b5a0_41 .array/port v0x557d97c1b5a0, 41;
v0x557d97c1b5a0_42 .array/port v0x557d97c1b5a0, 42;
E_0x557d97be66f0/10 .event edge, v0x557d97c1b5a0_39, v0x557d97c1b5a0_40, v0x557d97c1b5a0_41, v0x557d97c1b5a0_42;
v0x557d97c1b5a0_43 .array/port v0x557d97c1b5a0, 43;
v0x557d97c1b5a0_44 .array/port v0x557d97c1b5a0, 44;
v0x557d97c1b5a0_45 .array/port v0x557d97c1b5a0, 45;
v0x557d97c1b5a0_46 .array/port v0x557d97c1b5a0, 46;
E_0x557d97be66f0/11 .event edge, v0x557d97c1b5a0_43, v0x557d97c1b5a0_44, v0x557d97c1b5a0_45, v0x557d97c1b5a0_46;
v0x557d97c1b5a0_47 .array/port v0x557d97c1b5a0, 47;
v0x557d97c1b5a0_48 .array/port v0x557d97c1b5a0, 48;
v0x557d97c1b5a0_49 .array/port v0x557d97c1b5a0, 49;
v0x557d97c1b5a0_50 .array/port v0x557d97c1b5a0, 50;
E_0x557d97be66f0/12 .event edge, v0x557d97c1b5a0_47, v0x557d97c1b5a0_48, v0x557d97c1b5a0_49, v0x557d97c1b5a0_50;
v0x557d97c1b5a0_51 .array/port v0x557d97c1b5a0, 51;
v0x557d97c1b5a0_52 .array/port v0x557d97c1b5a0, 52;
v0x557d97c1b5a0_53 .array/port v0x557d97c1b5a0, 53;
v0x557d97c1b5a0_54 .array/port v0x557d97c1b5a0, 54;
E_0x557d97be66f0/13 .event edge, v0x557d97c1b5a0_51, v0x557d97c1b5a0_52, v0x557d97c1b5a0_53, v0x557d97c1b5a0_54;
v0x557d97c1b5a0_55 .array/port v0x557d97c1b5a0, 55;
v0x557d97c1b5a0_56 .array/port v0x557d97c1b5a0, 56;
v0x557d97c1b5a0_57 .array/port v0x557d97c1b5a0, 57;
v0x557d97c1b5a0_58 .array/port v0x557d97c1b5a0, 58;
E_0x557d97be66f0/14 .event edge, v0x557d97c1b5a0_55, v0x557d97c1b5a0_56, v0x557d97c1b5a0_57, v0x557d97c1b5a0_58;
v0x557d97c1b5a0_59 .array/port v0x557d97c1b5a0, 59;
v0x557d97c1b5a0_60 .array/port v0x557d97c1b5a0, 60;
v0x557d97c1b5a0_61 .array/port v0x557d97c1b5a0, 61;
v0x557d97c1b5a0_62 .array/port v0x557d97c1b5a0, 62;
E_0x557d97be66f0/15 .event edge, v0x557d97c1b5a0_59, v0x557d97c1b5a0_60, v0x557d97c1b5a0_61, v0x557d97c1b5a0_62;
v0x557d97c1b5a0_63 .array/port v0x557d97c1b5a0, 63;
v0x557d97c1b5a0_64 .array/port v0x557d97c1b5a0, 64;
v0x557d97c1b5a0_65 .array/port v0x557d97c1b5a0, 65;
v0x557d97c1b5a0_66 .array/port v0x557d97c1b5a0, 66;
E_0x557d97be66f0/16 .event edge, v0x557d97c1b5a0_63, v0x557d97c1b5a0_64, v0x557d97c1b5a0_65, v0x557d97c1b5a0_66;
v0x557d97c1b5a0_67 .array/port v0x557d97c1b5a0, 67;
v0x557d97c1b5a0_68 .array/port v0x557d97c1b5a0, 68;
v0x557d97c1b5a0_69 .array/port v0x557d97c1b5a0, 69;
v0x557d97c1b5a0_70 .array/port v0x557d97c1b5a0, 70;
E_0x557d97be66f0/17 .event edge, v0x557d97c1b5a0_67, v0x557d97c1b5a0_68, v0x557d97c1b5a0_69, v0x557d97c1b5a0_70;
v0x557d97c1b5a0_71 .array/port v0x557d97c1b5a0, 71;
v0x557d97c1b5a0_72 .array/port v0x557d97c1b5a0, 72;
v0x557d97c1b5a0_73 .array/port v0x557d97c1b5a0, 73;
v0x557d97c1b5a0_74 .array/port v0x557d97c1b5a0, 74;
E_0x557d97be66f0/18 .event edge, v0x557d97c1b5a0_71, v0x557d97c1b5a0_72, v0x557d97c1b5a0_73, v0x557d97c1b5a0_74;
v0x557d97c1b5a0_75 .array/port v0x557d97c1b5a0, 75;
v0x557d97c1b5a0_76 .array/port v0x557d97c1b5a0, 76;
v0x557d97c1b5a0_77 .array/port v0x557d97c1b5a0, 77;
v0x557d97c1b5a0_78 .array/port v0x557d97c1b5a0, 78;
E_0x557d97be66f0/19 .event edge, v0x557d97c1b5a0_75, v0x557d97c1b5a0_76, v0x557d97c1b5a0_77, v0x557d97c1b5a0_78;
v0x557d97c1b5a0_79 .array/port v0x557d97c1b5a0, 79;
v0x557d97c1b5a0_80 .array/port v0x557d97c1b5a0, 80;
v0x557d97c1b5a0_81 .array/port v0x557d97c1b5a0, 81;
v0x557d97c1b5a0_82 .array/port v0x557d97c1b5a0, 82;
E_0x557d97be66f0/20 .event edge, v0x557d97c1b5a0_79, v0x557d97c1b5a0_80, v0x557d97c1b5a0_81, v0x557d97c1b5a0_82;
v0x557d97c1b5a0_83 .array/port v0x557d97c1b5a0, 83;
v0x557d97c1b5a0_84 .array/port v0x557d97c1b5a0, 84;
v0x557d97c1b5a0_85 .array/port v0x557d97c1b5a0, 85;
v0x557d97c1b5a0_86 .array/port v0x557d97c1b5a0, 86;
E_0x557d97be66f0/21 .event edge, v0x557d97c1b5a0_83, v0x557d97c1b5a0_84, v0x557d97c1b5a0_85, v0x557d97c1b5a0_86;
v0x557d97c1b5a0_87 .array/port v0x557d97c1b5a0, 87;
v0x557d97c1b5a0_88 .array/port v0x557d97c1b5a0, 88;
v0x557d97c1b5a0_89 .array/port v0x557d97c1b5a0, 89;
v0x557d97c1b5a0_90 .array/port v0x557d97c1b5a0, 90;
E_0x557d97be66f0/22 .event edge, v0x557d97c1b5a0_87, v0x557d97c1b5a0_88, v0x557d97c1b5a0_89, v0x557d97c1b5a0_90;
v0x557d97c1b5a0_91 .array/port v0x557d97c1b5a0, 91;
v0x557d97c1b5a0_92 .array/port v0x557d97c1b5a0, 92;
v0x557d97c1b5a0_93 .array/port v0x557d97c1b5a0, 93;
v0x557d97c1b5a0_94 .array/port v0x557d97c1b5a0, 94;
E_0x557d97be66f0/23 .event edge, v0x557d97c1b5a0_91, v0x557d97c1b5a0_92, v0x557d97c1b5a0_93, v0x557d97c1b5a0_94;
v0x557d97c1b5a0_95 .array/port v0x557d97c1b5a0, 95;
v0x557d97c1b5a0_96 .array/port v0x557d97c1b5a0, 96;
v0x557d97c1b5a0_97 .array/port v0x557d97c1b5a0, 97;
v0x557d97c1b5a0_98 .array/port v0x557d97c1b5a0, 98;
E_0x557d97be66f0/24 .event edge, v0x557d97c1b5a0_95, v0x557d97c1b5a0_96, v0x557d97c1b5a0_97, v0x557d97c1b5a0_98;
v0x557d97c1b5a0_99 .array/port v0x557d97c1b5a0, 99;
v0x557d97c1b5a0_100 .array/port v0x557d97c1b5a0, 100;
v0x557d97c1b5a0_101 .array/port v0x557d97c1b5a0, 101;
v0x557d97c1b5a0_102 .array/port v0x557d97c1b5a0, 102;
E_0x557d97be66f0/25 .event edge, v0x557d97c1b5a0_99, v0x557d97c1b5a0_100, v0x557d97c1b5a0_101, v0x557d97c1b5a0_102;
v0x557d97c1b5a0_103 .array/port v0x557d97c1b5a0, 103;
v0x557d97c1b5a0_104 .array/port v0x557d97c1b5a0, 104;
v0x557d97c1b5a0_105 .array/port v0x557d97c1b5a0, 105;
v0x557d97c1b5a0_106 .array/port v0x557d97c1b5a0, 106;
E_0x557d97be66f0/26 .event edge, v0x557d97c1b5a0_103, v0x557d97c1b5a0_104, v0x557d97c1b5a0_105, v0x557d97c1b5a0_106;
v0x557d97c1b5a0_107 .array/port v0x557d97c1b5a0, 107;
v0x557d97c1b5a0_108 .array/port v0x557d97c1b5a0, 108;
v0x557d97c1b5a0_109 .array/port v0x557d97c1b5a0, 109;
v0x557d97c1b5a0_110 .array/port v0x557d97c1b5a0, 110;
E_0x557d97be66f0/27 .event edge, v0x557d97c1b5a0_107, v0x557d97c1b5a0_108, v0x557d97c1b5a0_109, v0x557d97c1b5a0_110;
v0x557d97c1b5a0_111 .array/port v0x557d97c1b5a0, 111;
v0x557d97c1b5a0_112 .array/port v0x557d97c1b5a0, 112;
v0x557d97c1b5a0_113 .array/port v0x557d97c1b5a0, 113;
v0x557d97c1b5a0_114 .array/port v0x557d97c1b5a0, 114;
E_0x557d97be66f0/28 .event edge, v0x557d97c1b5a0_111, v0x557d97c1b5a0_112, v0x557d97c1b5a0_113, v0x557d97c1b5a0_114;
v0x557d97c1b5a0_115 .array/port v0x557d97c1b5a0, 115;
v0x557d97c1b5a0_116 .array/port v0x557d97c1b5a0, 116;
v0x557d97c1b5a0_117 .array/port v0x557d97c1b5a0, 117;
v0x557d97c1b5a0_118 .array/port v0x557d97c1b5a0, 118;
E_0x557d97be66f0/29 .event edge, v0x557d97c1b5a0_115, v0x557d97c1b5a0_116, v0x557d97c1b5a0_117, v0x557d97c1b5a0_118;
v0x557d97c1b5a0_119 .array/port v0x557d97c1b5a0, 119;
v0x557d97c1b5a0_120 .array/port v0x557d97c1b5a0, 120;
v0x557d97c1b5a0_121 .array/port v0x557d97c1b5a0, 121;
v0x557d97c1b5a0_122 .array/port v0x557d97c1b5a0, 122;
E_0x557d97be66f0/30 .event edge, v0x557d97c1b5a0_119, v0x557d97c1b5a0_120, v0x557d97c1b5a0_121, v0x557d97c1b5a0_122;
v0x557d97c1b5a0_123 .array/port v0x557d97c1b5a0, 123;
v0x557d97c1b5a0_124 .array/port v0x557d97c1b5a0, 124;
v0x557d97c1b5a0_125 .array/port v0x557d97c1b5a0, 125;
v0x557d97c1b5a0_126 .array/port v0x557d97c1b5a0, 126;
E_0x557d97be66f0/31 .event edge, v0x557d97c1b5a0_123, v0x557d97c1b5a0_124, v0x557d97c1b5a0_125, v0x557d97c1b5a0_126;
v0x557d97c1b5a0_127 .array/port v0x557d97c1b5a0, 127;
E_0x557d97be66f0/32 .event edge, v0x557d97c1b5a0_127, v0x557d97c19e20_0, v0x557d97c1c800_0;
E_0x557d97be66f0 .event/or E_0x557d97be66f0/0, E_0x557d97be66f0/1, E_0x557d97be66f0/2, E_0x557d97be66f0/3, E_0x557d97be66f0/4, E_0x557d97be66f0/5, E_0x557d97be66f0/6, E_0x557d97be66f0/7, E_0x557d97be66f0/8, E_0x557d97be66f0/9, E_0x557d97be66f0/10, E_0x557d97be66f0/11, E_0x557d97be66f0/12, E_0x557d97be66f0/13, E_0x557d97be66f0/14, E_0x557d97be66f0/15, E_0x557d97be66f0/16, E_0x557d97be66f0/17, E_0x557d97be66f0/18, E_0x557d97be66f0/19, E_0x557d97be66f0/20, E_0x557d97be66f0/21, E_0x557d97be66f0/22, E_0x557d97be66f0/23, E_0x557d97be66f0/24, E_0x557d97be66f0/25, E_0x557d97be66f0/26, E_0x557d97be66f0/27, E_0x557d97be66f0/28, E_0x557d97be66f0/29, E_0x557d97be66f0/30, E_0x557d97be66f0/31, E_0x557d97be66f0/32;
E_0x557d97be6b70 .event edge, v0x557d97c19e20_0, v0x557d97c199d0_0;
S_0x557d97bdf6b0 .scope module, "pc_obt" "select" 2 220, 2 470 0, S_0x557d97bfa840;
 .timescale 0 0;
    .port_info 0 /INPUT 64 "F_predPC";
    .port_info 1 /INPUT 4 "M_icode";
    .port_info 2 /INPUT 1 "M_Cnd";
    .port_info 3 /INPUT 64 "M_valA";
    .port_info 4 /INPUT 4 "W_icode";
    .port_info 5 /INPUT 64 "W_valM";
    .port_info 6 /OUTPUT 64 "f_PC";
v0x557d97b81110_0 .net "F_predPC", 63 0, o0x7f532eea7018;  alias, 0 drivers
v0x557d97c19560_0 .net "M_Cnd", 0 0, o0x7f532eea7048;  alias, 0 drivers
v0x557d97c19620_0 .net "M_icode", 3 0, o0x7f532eea7078;  alias, 0 drivers
v0x557d97c196e0_0 .net "M_valA", 63 0, o0x7f532eea70a8;  alias, 0 drivers
v0x557d97c197c0_0 .net "W_icode", 3 0, o0x7f532eea70d8;  alias, 0 drivers
v0x557d97c198f0_0 .net "W_valM", 63 0, o0x7f532eea7108;  alias, 0 drivers
v0x557d97c199d0_0 .var "f_PC", 63 0;
E_0x557d97be62b0/0 .event edge, v0x557d97c19620_0, v0x557d97c19560_0, v0x557d97c196e0_0, v0x557d97c197c0_0;
E_0x557d97be62b0/1 .event edge, v0x557d97c198f0_0, v0x557d97b81110_0;
E_0x557d97be62b0 .event/or E_0x557d97be62b0/0, E_0x557d97be62b0/1;
S_0x557d97c19b90 .scope module, "pc_pred" "pred" 2 234, 2 442 0, S_0x557d97bfa840;
 .timescale 0 0;
    .port_info 0 /INPUT 4 "f_icode";
    .port_info 1 /INPUT 64 "f_valC";
    .port_info 2 /INPUT 64 "f_valP";
    .port_info 3 /OUTPUT 64 "f_predPC";
v0x557d97c19e20_0 .net "f_icode", 3 0, v0x557d97c1ae80_0;  1 drivers
v0x557d97c19f20_0 .var "f_predPC", 63 0;
v0x557d97c1a000_0 .net "f_valC", 63 0, v0x557d97c1b360_0;  1 drivers
v0x557d97c1a0c0_0 .net "f_valP", 63 0, v0x557d97c1b430_0;  1 drivers
E_0x557d97be6020 .event edge, v0x557d97c19e20_0, v0x557d97c1a000_0, v0x557d97c1a0c0_0;
S_0x557d97c1a220 .scope module, "stat_mod" "Stat" 2 241, 2 499 0, S_0x557d97bfa840;
 .timescale 0 0;
    .port_info 0 /INPUT 1 "invalid_instr";
    .port_info 1 /INPUT 1 "memory_error";
    .port_info 2 /INPUT 4 "f_icode";
    .port_info 3 /OUTPUT 3 "f_stat";
v0x557d97c1a490_0 .net "f_icode", 3 0, v0x557d97c1ae80_0;  alias, 1 drivers
v0x557d97c1a570_0 .var "f_stat", 2 0;
v0x557d97c1a630_0 .net "invalid_instr", 0 0, v0x557d97c1c660_0;  1 drivers
v0x557d97c1a700_0 .net "memory_error", 0 0, v0x557d97c1c730_0;  1 drivers
E_0x557d97be6b30 .event edge, v0x557d97c1a700_0, v0x557d97c1a630_0, v0x557d97c19e20_0;
    .scope S_0x557d97bdf6b0;
T_0 ;
    %wait E_0x557d97be62b0;
    %load/vec4 v0x557d97c19620_0;
    %pushi/vec4 7, 0, 4;
    %cmp/e;
    %flag_get/vec4 4;
    %load/vec4 v0x557d97c19560_0;
    %pad/u 32;
    %pushi/vec4 0, 0, 32;
    %cmp/e;
    %flag_get/vec4 4;
    %and;
    %flag_set/vec4 8;
    %jmp/0xz  T_0.0, 8;
    %load/vec4 v0x557d97c196e0_0;
    %assign/vec4 v0x557d97c199d0_0, 0;
    %jmp T_0.1;
T_0.0 ;
    %load/vec4 v0x557d97c197c0_0;
    %pad/u 32;
    %cmpi/e 9, 0, 32;
    %jmp/0xz  T_0.2, 4;
    %load/vec4 v0x557d97c198f0_0;
    %assign/vec4 v0x557d97c199d0_0, 0;
    %jmp T_0.3;
T_0.2 ;
    %load/vec4 v0x557d97b81110_0;
    %assign/vec4 v0x557d97c199d0_0, 0;
T_0.3 ;
T_0.1 ;
    %jmp T_0;
    .thread T_0, $push;
    .scope S_0x557d97c19b90;
T_1 ;
    %wait E_0x557d97be6020;
    %load/vec4 v0x557d97c19e20_0;
    %cmpi/e 7, 0, 4;
    %flag_mov 8, 4;
    %load/vec4 v0x557d97c19e20_0;
    %cmpi/e 8, 0, 4;
    %flag_or 4, 8;
    %jmp/0xz  T_1.0, 4;
    %load/vec4 v0x557d97c1a000_0;
    %assign/vec4 v0x557d97c19f20_0, 0;
    %jmp T_1.1;
T_1.0 ;
    %load/vec4 v0x557d97c1a0c0_0;
    %assign/vec4 v0x557d97c19f20_0, 0;
T_1.1 ;
    %jmp T_1;
    .thread T_1, $push;
    .scope S_0x557d97c1a220;
T_2 ;
    %wait E_0x557d97be6b30;
    %load/vec4 v0x557d97c1a700_0;
    %pad/u 32;
    %cmpi/e 1, 0, 32;
    %jmp/0xz  T_2.0, 4;
    %pushi/vec4 3, 0, 3;
    %assign/vec4 v0x557d97c1a570_0, 0;
    %jmp T_2.1;
T_2.0 ;
    %load/vec4 v0x557d97c1a630_0;
    %pad/u 32;
    %cmpi/e 1, 0, 32;
    %jmp/0xz  T_2.2, 4;
    %pushi/vec4 4, 0, 3;
    %assign/vec4 v0x557d97c1a570_0, 0;
    %jmp T_2.3;
T_2.2 ;
    %load/vec4 v0x557d97c1a490_0;
    %pad/u 32;
    %cmpi/e 0, 0, 32;
    %jmp/0xz  T_2.4, 4;
    %pushi/vec4 2, 0, 3;
    %assign/vec4 v0x557d97c1a570_0, 0;
    %jmp T_2.5;
T_2.4 ;
    %pushi/vec4 1, 0, 3;
    %assign/vec4 v0x557d97c1a570_0, 0;
T_2.5 ;
T_2.3 ;
T_2.1 ;
    %jmp T_2;
    .thread T_2, $push;
    .scope S_0x557d97bfa840;
T_3 ;
    %pushi/vec4 0, 0, 1;
    %store/vec4 v0x557d97c1b500_0, 0, 1;
    %pushi/vec4 16, 0, 8;
    %ix/load 4, 0, 0;
    %flag_set/imm 4, 0;
    %store/vec4a v0x557d97c1b5a0, 4, 0;
    %pushi/vec4 16, 0, 8;
    %ix/load 4, 1, 0;
    %flag_set/imm 4, 0;
    %store/vec4a v0x557d97c1b5a0, 4, 0;
    %pushi/vec4 32, 0, 8;
    %ix/load 4, 2, 0;
    %flag_set/imm 4, 0;
    %store/vec4a v0x557d97c1b5a0, 4, 0;
    %pushi/vec4 18, 0, 8;
    %ix/load 4, 3, 0;
    %flag_set/imm 4, 0;
    %store/vec4a v0x557d97c1b5a0, 4, 0;
    %pushi/vec4 48, 0, 8;
    %ix/load 4, 4, 0;
    %flag_set/imm 4, 0;
    %store/vec4a v0x557d97c1b5a0, 4, 0;
    %pushi/vec4 242, 0, 8;
    %ix/load 4, 5, 0;
    %flag_set/imm 4, 0;
    %store/vec4a v0x557d97c1b5a0, 4, 0;
    %pushi/vec4 0, 0, 8;
    %ix/load 4, 6, 0;
    %flag_set/imm 4, 0;
    %store/vec4a v0x557d97c1b5a0, 4, 0;
    %pushi/vec4 0, 0, 8;
    %ix/load 4, 7, 0;
    %flag_set/imm 4, 0;
    %store/vec4a v0x557d97c1b5a0, 4, 0;
    %pushi/vec4 0, 0, 8;
    %ix/load 4, 8, 0;
    %flag_set/imm 4, 0;
    %store/vec4a v0x557d97c1b5a0, 4, 0;
    %pushi/vec4 0, 0, 8;
    %ix/load 4, 9, 0;
    %flag_set/imm 4, 0;
    %store/vec4a v0x557d97c1b5a0, 4, 0;
    %pushi/vec4 0, 0, 8;
    %ix/load 4, 10, 0;
    %flag_set/imm 4, 0;
    %store/vec4a v0x557d97c1b5a0, 4, 0;
    %pushi/vec4 0, 0, 8;
    %ix/load 4, 11, 0;
    %flag_set/imm 4, 0;
    %store/vec4a v0x557d97c1b5a0, 4, 0;
    %pushi/vec4 0, 0, 8;
    %ix/load 4, 12, 0;
    %flag_set/imm 4, 0;
    %store/vec4a v0x557d97c1b5a0, 4, 0;
    %pushi/vec4 2, 0, 8;
    %ix/load 4, 13, 0;
    %flag_set/imm 4, 0;
    %store/vec4a v0x557d97c1b5a0, 4, 0;
    %pushi/vec4 64, 0, 8;
    %ix/load 4, 14, 0;
    %flag_set/imm 4, 0;
    %store/vec4a v0x557d97c1b5a0, 4, 0;
    %pushi/vec4 36, 0, 8;
    %ix/load 4, 15, 0;
    %flag_set/imm 4, 0;
    %store/vec4a v0x557d97c1b5a0, 4, 0;
    %pushi/vec4 1, 0, 64;
    %split/vec4 8;
    %ix/load 4, 23, 0;
    %flag_set/imm 4, 0;
    %store/vec4a v0x557d97c1b5a0, 4, 0;
    %split/vec4 8;
    %ix/load 4, 22, 0;
    %flag_set/imm 4, 0;
    %store/vec4a v0x557d97c1b5a0, 4, 0;
    %split/vec4 8;
    %ix/load 4, 21, 0;
    %flag_set/imm 4, 0;
    %store/vec4a v0x557d97c1b5a0, 4, 0;
    %split/vec4 8;
    %ix/load 4, 20, 0;
    %flag_set/imm 4, 0;
    %store/vec4a v0x557d97c1b5a0, 4, 0;
    %split/vec4 8;
    %ix/load 4, 19, 0;
    %flag_set/imm 4, 0;
    %store/vec4a v0x557d97c1b5a0, 4, 0;
    %split/vec4 8;
    %ix/load 4, 18, 0;
    %flag_set/imm 4, 0;
    %store/vec4a v0x557d97c1b5a0, 4, 0;
    %split/vec4 8;
    %ix/load 4, 17, 0;
    %flag_set/imm 4, 0;
    %store/vec4a v0x557d97c1b5a0, 4, 0;
    %ix/load 4, 16, 0;
    %flag_set/imm 4, 0;
    %store/vec4a v0x557d97c1b5a0, 4, 0;
    %pushi/vec4 64, 0, 8;
    %ix/load 4, 24, 0;
    %flag_set/imm 4, 0;
    %store/vec4a v0x557d97c1b5a0, 4, 0;
    %pushi/vec4 83, 0, 8;
    %ix/load 4, 25, 0;
    %flag_set/imm 4, 0;
    %store/vec4a v0x557d97c1b5a0, 4, 0;
    %pushi/vec4 0, 0, 64;
    %split/vec4 8;
    %ix/load 4, 33, 0;
    %flag_set/imm 4, 0;
    %store/vec4a v0x557d97c1b5a0, 4, 0;
    %split/vec4 8;
    %ix/load 4, 32, 0;
    %flag_set/imm 4, 0;
    %store/vec4a v0x557d97c1b5a0, 4, 0;
    %split/vec4 8;
    %ix/load 4, 31, 0;
    %flag_set/imm 4, 0;
    %store/vec4a v0x557d97c1b5a0, 4, 0;
    %split/vec4 8;
    %ix/load 4, 30, 0;
    %flag_set/imm 4, 0;
    %store/vec4a v0x557d97c1b5a0, 4, 0;
    %split/vec4 8;
    %ix/load 4, 29, 0;
    %flag_set/imm 4, 0;
    %store/vec4a v0x557d97c1b5a0, 4, 0;
    %split/vec4 8;
    %ix/load 4, 28, 0;
    %flag_set/imm 4, 0;
    %store/vec4a v0x557d97c1b5a0, 4, 0;
    %split/vec4 8;
    %ix/load 4, 27, 0;
    %flag_set/imm 4, 0;
    %store/vec4a v0x557d97c1b5a0, 4, 0;
    %ix/load 4, 26, 0;
    %flag_set/imm 4, 0;
    %store/vec4a v0x557d97c1b5a0, 4, 0;
    %pushi/vec4 80, 0, 8;
    %ix/load 4, 34, 0;
    %flag_set/imm 4, 0;
    %store/vec4a v0x557d97c1b5a0, 4, 0;
    %pushi/vec4 83, 0, 8;
    %ix/load 4, 35, 0;
    %flag_set/imm 4, 0;
    %store/vec4a v0x557d97c1b5a0, 4, 0;
    %pushi/vec4 0, 0, 64;
    %split/vec4 8;
    %ix/load 4, 43, 0;
    %flag_set/imm 4, 0;
    %store/vec4a v0x557d97c1b5a0, 4, 0;
    %split/vec4 8;
    %ix/load 4, 42, 0;
    %flag_set/imm 4, 0;
    %store/vec4a v0x557d97c1b5a0, 4, 0;
    %split/vec4 8;
    %ix/load 4, 41, 0;
    %flag_set/imm 4, 0;
    %store/vec4a v0x557d97c1b5a0, 4, 0;
    %split/vec4 8;
    %ix/load 4, 40, 0;
    %flag_set/imm 4, 0;
    %store/vec4a v0x557d97c1b5a0, 4, 0;
    %split/vec4 8;
    %ix/load 4, 39, 0;
    %flag_set/imm 4, 0;
    %store/vec4a v0x557d97c1b5a0, 4, 0;
    %split/vec4 8;
    %ix/load 4, 38, 0;
    %flag_set/imm 4, 0;
    %store/vec4a v0x557d97c1b5a0, 4, 0;
    %split/vec4 8;
    %ix/load 4, 37, 0;
    %flag_set/imm 4, 0;
    %store/vec4a v0x557d97c1b5a0, 4, 0;
    %ix/load 4, 36, 0;
    %flag_set/imm 4, 0;
    %store/vec4a v0x557d97c1b5a0, 4, 0;
    %pushi/vec4 96, 0, 8;
    %ix/load 4, 44, 0;
    %flag_set/imm 4, 0;
    %store/vec4a v0x557d97c1b5a0, 4, 0;
    %pushi/vec4 154, 0, 8;
    %ix/load 4, 45, 0;
    %flag_set/imm 4, 0;
    %store/vec4a v0x557d97c1b5a0, 4, 0;
    %pushi/vec4 115, 0, 8;
    %ix/load 4, 46, 0;
    %flag_set/imm 4, 0;
    %store/vec4a v0x557d97c1b5a0, 4, 0;
    %pushi/vec4 56, 0, 8;
    %ix/load 4, 54, 0;
    %flag_set/imm 4, 0;
    %store/vec4a v0x557d97c1b5a0, 4, 0;
    %pushi/vec4 0, 0, 56;
    %split/vec4 8;
    %ix/load 4, 53, 0;
    %flag_set/imm 4, 0;
    %store/vec4a v0x557d97c1b5a0, 4, 0;
    %split/vec4 8;
    %ix/load 4, 52, 0;
    %flag_set/imm 4, 0;
    %store/vec4a v0x557d97c1b5a0, 4, 0;
    %split/vec4 8;
    %ix/load 4, 51, 0;
    %flag_set/imm 4, 0;
    %store/vec4a v0x557d97c1b5a0, 4, 0;
    %split/vec4 8;
    %ix/load 4, 50, 0;
    %flag_set/imm 4, 0;
    %store/vec4a v0x557d97c1b5a0, 4, 0;
    %split/vec4 8;
    %ix/load 4, 49, 0;
    %flag_set/imm 4, 0;
    %store/vec4a v0x557d97c1b5a0, 4, 0;
    %split/vec4 8;
    %ix/load 4, 48, 0;
    %flag_set/imm 4, 0;
    %store/vec4a v0x557d97c1b5a0, 4, 0;
    %ix/load 4, 47, 0;
    %flag_set/imm 4, 0;
    %store/vec4a v0x557d97c1b5a0, 4, 0;
    %pushi/vec4 0, 0, 8;
    %ix/load 4, 55, 0;
    %flag_set/imm 4, 0;
    %store/vec4a v0x557d97c1b5a0, 4, 0;
    %pushi/vec4 160, 0, 8;
    %ix/load 4, 56, 0;
    %flag_set/imm 4, 0;
    %store/vec4a v0x557d97c1b5a0, 4, 0;
    %pushi/vec4 159, 0, 8;
    %ix/load 4, 57, 0;
    %flag_set/imm 4, 0;
    %store/vec4a v0x557d97c1b5a0, 4, 0;
    %pushi/vec4 176, 0, 8;
    %ix/load 4, 58, 0;
    %flag_set/imm 4, 0;
    %store/vec4a v0x557d97c1b5a0, 4, 0;
    %pushi/vec4 159, 0, 8;
    %ix/load 4, 59, 0;
    %flag_set/imm 4, 0;
    %store/vec4a v0x557d97c1b5a0, 4, 0;
    %pushi/vec4 128, 0, 8;
    %ix/load 4, 60, 0;
    %flag_set/imm 4, 0;
    %store/vec4a v0x557d97c1b5a0, 4, 0;
    %pushi/vec4 80, 0, 64;
    %split/vec4 8;
    %ix/load 4, 68, 0;
    %flag_set/imm 4, 0;
    %store/vec4a v0x557d97c1b5a0, 4, 0;
    %split/vec4 8;
    %ix/load 4, 67, 0;
    %flag_set/imm 4, 0;
    %store/vec4a v0x557d97c1b5a0, 4, 0;
    %split/vec4 8;
    %ix/load 4, 66, 0;
    %flag_set/imm 4, 0;
    %store/vec4a v0x557d97c1b5a0, 4, 0;
    %split/vec4 8;
    %ix/load 4, 65, 0;
    %flag_set/imm 4, 0;
    %store/vec4a v0x557d97c1b5a0, 4, 0;
    %split/vec4 8;
    %ix/load 4, 64, 0;
    %flag_set/imm 4, 0;
    %store/vec4a v0x557d97c1b5a0, 4, 0;
    %split/vec4 8;
    %ix/load 4, 63, 0;
    %flag_set/imm 4, 0;
    %store/vec4a v0x557d97c1b5a0, 4, 0;
    %split/vec4 8;
    %ix/load 4, 62, 0;
    %flag_set/imm 4, 0;
    %store/vec4a v0x557d97c1b5a0, 4, 0;
    %ix/load 4, 61, 0;
    %flag_set/imm 4, 0;
    %store/vec4a v0x557d97c1b5a0, 4, 0;
    %pushi/vec4 96, 0, 8;
    %ix/load 4, 69, 0;
    %flag_set/imm 4, 0;
    %store/vec4a v0x557d97c1b5a0, 4, 0;
    %pushi/vec4 86, 0, 8;
    %ix/load 4, 70, 0;
    %flag_set/imm 4, 0;
    %store/vec4a v0x557d97c1b5a0, 4, 0;
    %pushi/vec4 114, 0, 8;
    %ix/load 4, 71, 0;
    %flag_set/imm 4, 0;
    %store/vec4a v0x557d97c1b5a0, 4, 0;
    %pushi/vec4 46, 0, 64;
    %split/vec4 8;
    %ix/load 4, 79, 0;
    %flag_set/imm 4, 0;
    %store/vec4a v0x557d97c1b5a0, 4, 0;
    %split/vec4 8;
    %ix/load 4, 78, 0;
    %flag_set/imm 4, 0;
    %store/vec4a v0x557d97c1b5a0, 4, 0;
    %split/vec4 8;
    %ix/load 4, 77, 0;
    %flag_set/imm 4, 0;
    %store/vec4a v0x557d97c1b5a0, 4, 0;
    %split/vec4 8;
    %ix/load 4, 76, 0;
    %flag_set/imm 4, 0;
    %store/vec4a v0x557d97c1b5a0, 4, 0;
    %split/vec4 8;
    %ix/load 4, 75, 0;
    %flag_set/imm 4, 0;
    %store/vec4a v0x557d97c1b5a0, 4, 0;
    %split/vec4 8;
    %ix/load 4, 74, 0;
    %flag_set/imm 4, 0;
    %store/vec4a v0x557d97c1b5a0, 4, 0;
    %split/vec4 8;
    %ix/load 4, 73, 0;
    %flag_set/imm 4, 0;
    %store/vec4a v0x557d97c1b5a0, 4, 0;
    %ix/load 4, 72, 0;
    %flag_set/imm 4, 0;
    %store/vec4a v0x557d97c1b5a0, 4, 0;
    %pushi/vec4 16, 0, 8;
    %ix/load 4, 80, 0;
    %flag_set/imm 4, 0;
    %store/vec4a v0x557d97c1b5a0, 4, 0;
    %pushi/vec4 99, 0, 8;
    %ix/load 4, 81, 0;
    %flag_set/imm 4, 0;
    %store/vec4a v0x557d97c1b5a0, 4, 0;
    %pushi/vec4 222, 0, 8;
    %ix/load 4, 82, 0;
    %flag_set/imm 4, 0;
    %store/vec4a v0x557d97c1b5a0, 4, 0;
    %pushi/vec4 144, 0, 8;
    %ix/load 4, 83, 0;
    %flag_set/imm 4, 0;
    %store/vec4a v0x557d97c1b5a0, 4, 0;
    %end;
    .thread T_3;
    .scope S_0x557d97bfa840;
T_4 ;
    %wait E_0x557d97be6b70;
    %pushi/vec4 0, 0, 4;
    %load/vec4 v0x557d97c1ae80_0;
    %cmp/u;
    %flag_get/vec4 4;
    %flag_get/vec4 5;
    %or;
    %load/vec4 v0x557d97c1ae80_0;
    %cmpi/u 12, 0, 4;
    %flag_get/vec4 5;
    %and;
    %flag_set/vec4 8;
    %jmp/0xz  T_4.0, 8;
    %pushi/vec4 0, 0, 1;
    %store/vec4 v0x557d97c1c660_0, 0, 1;
    %jmp T_4.1;
T_4.0 ;
    %pushi/vec4 1, 0, 1;
    %store/vec4 v0x557d97c1c660_0, 0, 1;
T_4.1 ;
    %pushi/vec4 0, 0, 1;
    %store/vec4 v0x557d97c1c730_0, 0, 1;
    %load/vec4 v0x557d97c1adb0_0;
    %cmpi/u 102, 0, 64;
    %flag_or 5, 4; GT is !LE
    %flag_inv 5;
    %jmp/0xz  T_4.2, 5;
    %pushi/vec4 1, 0, 1;
    %store/vec4 v0x557d97c1c730_0, 0, 1;
T_4.2 ;
    %jmp T_4;
    .thread T_4, $push;
    .scope S_0x557d97bfa840;
T_5 ;
    %wait E_0x557d97be66f0;
    %load/vec4 v0x557d97c1adb0_0;
    %cmpi/u 102, 0, 64;
    %flag_or 5, 4; GT is !LE
    %flag_inv 5;
    %jmp/0xz  T_5.0, 5;
T_5.0 ;
    %ix/getv 4, v0x557d97c1adb0_0;
    %load/vec4a v0x557d97c1b5a0, 4;
    %parti/s 4, 4, 4;
    %store/vec4 v0x557d97c1ae80_0, 0, 4;
    %ix/getv 4, v0x557d97c1adb0_0;
    %load/vec4a v0x557d97c1b5a0, 4;
    %parti/s 4, 0, 2;
    %store/vec4 v0x557d97c1af70_0, 0, 4;
    %pushi/vec4 0, 0, 4;
    %load/vec4 v0x557d97c1ae80_0;
    %cmp/u;
    %flag_get/vec4 4;
    %flag_get/vec4 5;
    %or;
    %load/vec4 v0x557d97c1ae80_0;
    %cmpi/u 12, 0, 4;
    %flag_get/vec4 5;
    %and;
    %flag_set/vec4 8;
    %jmp/0xz  T_5.2, 8;
    %load/vec4 v0x557d97c1ae80_0;
    %dup/vec4;
    %pushi/vec4 0, 0, 4;
    %cmp/u;
    %jmp/1 T_5.4, 6;
    %dup/vec4;
    %pushi/vec4 1, 0, 4;
    %cmp/u;
    %jmp/1 T_5.5, 6;
    %dup/vec4;
    %pushi/vec4 3, 0, 4;
    %cmp/u;
    %jmp/1 T_5.6, 6;
    %dup/vec4;
    %pushi/vec4 5, 0, 4;
    %cmp/u;
    %jmp/1 T_5.7, 6;
    %dup/vec4;
    %pushi/vec4 4, 0, 4;
    %cmp/u;
    %jmp/1 T_5.8, 6;
    %dup/vec4;
    %pushi/vec4 2, 0, 4;
    %cmp/u;
    %jmp/1 T_5.9, 6;
    %dup/vec4;
    %pushi/vec4 6, 0, 4;
    %cmp/u;
    %jmp/1 T_5.10, 6;
    %dup/vec4;
    %pushi/vec4 10, 0, 4;
    %cmp/u;
    %jmp/1 T_5.11, 6;
    %dup/vec4;
    %pushi/vec4 11, 0, 4;
    %cmp/u;
    %jmp/1 T_5.12, 6;
    %dup/vec4;
    %pushi/vec4 7, 0, 4;
    %cmp/u;
    %jmp/1 T_5.13, 6;
    %dup/vec4;
    %pushi/vec4 8, 0, 4;
    %cmp/u;
    %jmp/1 T_5.14, 6;
    %dup/vec4;
    %pushi/vec4 9, 0, 4;
    %cmp/u;
    %jmp/1 T_5.15, 6;
    %jmp T_5.16;
T_5.4 ;
    %pushi/vec4 15, 0, 4;
    %store/vec4 v0x557d97c1b0d0_0, 0, 4;
    %pushi/vec4 15, 0, 4;
    %store/vec4 v0x557d97c1b190_0, 0, 4;
    %pushi/vec4 1, 0, 1;
    %store/vec4 v0x557d97c1b500_0, 0, 1;
    %jmp T_5.16;
T_5.5 ;
    %pushi/vec4 15, 0, 4;
    %store/vec4 v0x557d97c1b0d0_0, 0, 4;
    %pushi/vec4 15, 0, 4;
    %store/vec4 v0x557d97c1b190_0, 0, 4;
    %pushi/vec4 0, 0, 64;
    %store/vec4 v0x557d97c1b360_0, 0, 64;
    %load/vec4 v0x557d97c1adb0_0;
    %addi 1, 0, 64;
    %store/vec4 v0x557d97c1b430_0, 0, 64;
    %jmp T_5.16;
T_5.6 ;
    %load/vec4 v0x557d97c1adb0_0;
    %pad/u 65;
    %addi 1, 0, 65;
    %ix/vec4 4;
    %load/vec4a v0x557d97c1b5a0, 4;
    %store/vec4 v0x557d97c1c800_0, 0, 8;
    %load/vec4 v0x557d97c1c800_0;
    %parti/s 4, 4, 4;
    %store/vec4 v0x557d97c1b0d0_0, 0, 4;
    %load/vec4 v0x557d97c1c800_0;
    %parti/s 4, 0, 2;
    %store/vec4 v0x557d97c1b190_0, 0, 4;
    %load/vec4 v0x557d97c1adb0_0;
    %pad/u 65;
    %addi 2, 0, 65;
    %ix/vec4 4;
    %load/vec4a v0x557d97c1b5a0, 4;
    %load/vec4 v0x557d97c1adb0_0;
    %pad/u 65;
    %addi 3, 0, 65;
    %ix/vec4 4;
    %load/vec4a v0x557d97c1b5a0, 4;
    %concat/vec4; draw_concat_vec4
    %load/vec4 v0x557d97c1adb0_0;
    %pad/u 65;
    %addi 4, 0, 65;
    %ix/vec4 4;
    %load/vec4a v0x557d97c1b5a0, 4;
    %concat/vec4; draw_concat_vec4
    %load/vec4 v0x557d97c1adb0_0;
    %pad/u 65;
    %addi 5, 0, 65;
    %ix/vec4 4;
    %load/vec4a v0x557d97c1b5a0, 4;
    %concat/vec4; draw_concat_vec4
    %load/vec4 v0x557d97c1adb0_0;
    %pad/u 65;
    %addi 6, 0, 65;
    %ix/vec4 4;
    %load/vec4a v0x557d97c1b5a0, 4;
    %concat/vec4; draw_concat_vec4
    %load/vec4 v0x557d97c1adb0_0;
    %pad/u 65;
    %addi 7, 0, 65;
    %ix/vec4 4;
    %load/vec4a v0x557d97c1b5a0, 4;
    %concat/vec4; draw_concat_vec4
    %load/vec4 v0x557d97c1adb0_0;
    %pad/u 65;
    %addi 8, 0, 65;
    %ix/vec4 4;
    %load/vec4a v0x557d97c1b5a0, 4;
    %concat/vec4; draw_concat_vec4
    %load/vec4 v0x557d97c1adb0_0;
    %pad/u 65;
    %addi 9, 0, 65;
    %ix/vec4 4;
    %load/vec4a v0x557d97c1b5a0, 4;
    %concat/vec4; draw_concat_vec4
    %store/vec4 v0x557d97c1b360_0, 0, 64;
    %load/vec4 v0x557d97c1adb0_0;
    %addi 10, 0, 64;
    %store/vec4 v0x557d97c1b430_0, 0, 64;
    %jmp T_5.16;
T_5.7 ;
    %load/vec4 v0x557d97c1adb0_0;
    %pad/u 65;
    %addi 1, 0, 65;
    %ix/vec4 4;
    %load/vec4a v0x557d97c1b5a0, 4;
    %store/vec4 v0x557d97c1c800_0, 0, 8;
    %load/vec4 v0x557d97c1c800_0;
    %parti/s 4, 4, 4;
    %store/vec4 v0x557d97c1b0d0_0, 0, 4;
    %load/vec4 v0x557d97c1c800_0;
    %parti/s 4, 0, 2;
    %store/vec4 v0x557d97c1b190_0, 0, 4;
    %load/vec4 v0x557d97c1adb0_0;
    %pad/u 65;
    %addi 2, 0, 65;
    %ix/vec4 4;
    %load/vec4a v0x557d97c1b5a0, 4;
    %load/vec4 v0x557d97c1adb0_0;
    %pad/u 65;
    %addi 3, 0, 65;
    %ix/vec4 4;
    %load/vec4a v0x557d97c1b5a0, 4;
    %concat/vec4; draw_concat_vec4
    %load/vec4 v0x557d97c1adb0_0;
    %pad/u 65;
    %addi 4, 0, 65;
    %ix/vec4 4;
    %load/vec4a v0x557d97c1b5a0, 4;
    %concat/vec4; draw_concat_vec4
    %load/vec4 v0x557d97c1adb0_0;
    %pad/u 65;
    %addi 5, 0, 65;
    %ix/vec4 4;
    %load/vec4a v0x557d97c1b5a0, 4;
    %concat/vec4; draw_concat_vec4
    %load/vec4 v0x557d97c1adb0_0;
    %pad/u 65;
    %addi 6, 0, 65;
    %ix/vec4 4;
    %load/vec4a v0x557d97c1b5a0, 4;
    %concat/vec4; draw_concat_vec4
    %load/vec4 v0x557d97c1adb0_0;
    %pad/u 65;
    %addi 7, 0, 65;
    %ix/vec4 4;
    %load/vec4a v0x557d97c1b5a0, 4;
    %concat/vec4; draw_concat_vec4
    %load/vec4 v0x557d97c1adb0_0;
    %pad/u 65;
    %addi 8, 0, 65;
    %ix/vec4 4;
    %load/vec4a v0x557d97c1b5a0, 4;
    %concat/vec4; draw_concat_vec4
    %load/vec4 v0x557d97c1adb0_0;
    %pad/u 65;
    %addi 9, 0, 65;
    %ix/vec4 4;
    %load/vec4a v0x557d97c1b5a0, 4;
    %concat/vec4; draw_concat_vec4
    %store/vec4 v0x557d97c1b360_0, 0, 64;
    %load/vec4 v0x557d97c1adb0_0;
    %addi 10, 0, 64;
    %store/vec4 v0x557d97c1b430_0, 0, 64;
    %jmp T_5.16;
T_5.8 ;
    %load/vec4 v0x557d97c1adb0_0;
    %pad/u 65;
    %addi 1, 0, 65;
    %ix/vec4 4;
    %load/vec4a v0x557d97c1b5a0, 4;
    %store/vec4 v0x557d97c1c800_0, 0, 8;
    %load/vec4 v0x557d97c1c800_0;
    %parti/s 4, 4, 4;
    %store/vec4 v0x557d97c1b0d0_0, 0, 4;
    %load/vec4 v0x557d97c1c800_0;
    %parti/s 4, 0, 2;
    %store/vec4 v0x557d97c1b190_0, 0, 4;
    %load/vec4 v0x557d97c1adb0_0;
    %pad/u 65;
    %addi 2, 0, 65;
    %ix/vec4 4;
    %load/vec4a v0x557d97c1b5a0, 4;
    %load/vec4 v0x557d97c1adb0_0;
    %pad/u 65;
    %addi 3, 0, 65;
    %ix/vec4 4;
    %load/vec4a v0x557d97c1b5a0, 4;
    %concat/vec4; draw_concat_vec4
    %load/vec4 v0x557d97c1adb0_0;
    %pad/u 65;
    %addi 4, 0, 65;
    %ix/vec4 4;
    %load/vec4a v0x557d97c1b5a0, 4;
    %concat/vec4; draw_concat_vec4
    %load/vec4 v0x557d97c1adb0_0;
    %pad/u 65;
    %addi 5, 0, 65;
    %ix/vec4 4;
    %load/vec4a v0x557d97c1b5a0, 4;
    %concat/vec4; draw_concat_vec4
    %load/vec4 v0x557d97c1adb0_0;
    %pad/u 65;
    %addi 6, 0, 65;
    %ix/vec4 4;
    %load/vec4a v0x557d97c1b5a0, 4;
    %concat/vec4; draw_concat_vec4
    %load/vec4 v0x557d97c1adb0_0;
    %pad/u 65;
    %addi 7, 0, 65;
    %ix/vec4 4;
    %load/vec4a v0x557d97c1b5a0, 4;
    %concat/vec4; draw_concat_vec4
    %load/vec4 v0x557d97c1adb0_0;
    %pad/u 65;
    %addi 8, 0, 65;
    %ix/vec4 4;
    %load/vec4a v0x557d97c1b5a0, 4;
    %concat/vec4; draw_concat_vec4
    %load/vec4 v0x557d97c1adb0_0;
    %pad/u 65;
    %addi 9, 0, 65;
    %ix/vec4 4;
    %load/vec4a v0x557d97c1b5a0, 4;
    %concat/vec4; draw_concat_vec4
    %store/vec4 v0x557d97c1b360_0, 0, 64;
    %load/vec4 v0x557d97c1adb0_0;
    %addi 10, 0, 64;
    %store/vec4 v0x557d97c1b430_0, 0, 64;
    %jmp T_5.16;
T_5.9 ;
    %load/vec4 v0x557d97c1adb0_0;
    %pad/u 65;
    %addi 1, 0, 65;
    %ix/vec4 4;
    %load/vec4a v0x557d97c1b5a0, 4;
    %store/vec4 v0x557d97c1c800_0, 0, 8;
    %load/vec4 v0x557d97c1c800_0;
    %parti/s 4, 4, 4;
    %store/vec4 v0x557d97c1b0d0_0, 0, 4;
    %load/vec4 v0x557d97c1c800_0;
    %parti/s 4, 0, 2;
    %store/vec4 v0x557d97c1b190_0, 0, 4;
    %pushi/vec4 0, 0, 64;
    %store/vec4 v0x557d97c1b360_0, 0, 64;
    %load/vec4 v0x557d97c1adb0_0;
    %addi 2, 0, 64;
    %store/vec4 v0x557d97c1b430_0, 0, 64;
    %jmp T_5.16;
T_5.10 ;
    %load/vec4 v0x557d97c1adb0_0;
    %pad/u 65;
    %addi 1, 0, 65;
    %ix/vec4 4;
    %load/vec4a v0x557d97c1b5a0, 4;
    %store/vec4 v0x557d97c1c800_0, 0, 8;
    %load/vec4 v0x557d97c1c800_0;
    %parti/s 4, 4, 4;
    %store/vec4 v0x557d97c1b0d0_0, 0, 4;
    %load/vec4 v0x557d97c1c800_0;
    %parti/s 4, 0, 2;
    %store/vec4 v0x557d97c1b190_0, 0, 4;
    %pushi/vec4 0, 0, 64;
    %store/vec4 v0x557d97c1b360_0, 0, 64;
    %load/vec4 v0x557d97c1adb0_0;
    %addi 2, 0, 64;
    %store/vec4 v0x557d97c1b430_0, 0, 64;
    %jmp T_5.16;
T_5.11 ;
    %load/vec4 v0x557d97c1adb0_0;
    %pad/u 65;
    %addi 1, 0, 65;
    %ix/vec4 4;
    %load/vec4a v0x557d97c1b5a0, 4;
    %store/vec4 v0x557d97c1c800_0, 0, 8;
    %load/vec4 v0x557d97c1c800_0;
    %parti/s 4, 4, 4;
    %store/vec4 v0x557d97c1b0d0_0, 0, 4;
    %load/vec4 v0x557d97c1c800_0;
    %parti/s 4, 0, 2;
    %store/vec4 v0x557d97c1b190_0, 0, 4;
    %load/vec4 v0x557d97c1adb0_0;
    %addi 2, 0, 64;
    %store/vec4 v0x557d97c1b430_0, 0, 64;
    %jmp T_5.16;
T_5.12 ;
    %load/vec4 v0x557d97c1adb0_0;
    %pad/u 65;
    %addi 1, 0, 65;
    %ix/vec4 4;
    %load/vec4a v0x557d97c1b5a0, 4;
    %store/vec4 v0x557d97c1c800_0, 0, 8;
    %load/vec4 v0x557d97c1c800_0;
    %parti/s 4, 4, 4;
    %store/vec4 v0x557d97c1b0d0_0, 0, 4;
    %load/vec4 v0x557d97c1c800_0;
    %parti/s 4, 0, 2;
    %store/vec4 v0x557d97c1b190_0, 0, 4;
    %pushi/vec4 0, 0, 64;
    %store/vec4 v0x557d97c1b360_0, 0, 64;
    %load/vec4 v0x557d97c1adb0_0;
    %addi 2, 0, 64;
    %store/vec4 v0x557d97c1b430_0, 0, 64;
    %jmp T_5.16;
T_5.13 ;
    %pushi/vec4 15, 0, 4;
    %store/vec4 v0x557d97c1b0d0_0, 0, 4;
    %pushi/vec4 15, 0, 4;
    %store/vec4 v0x557d97c1b190_0, 0, 4;
    %load/vec4 v0x557d97c1adb0_0;
    %pad/u 65;
    %addi 1, 0, 65;
    %ix/vec4 4;
    %load/vec4a v0x557d97c1b5a0, 4;
    %load/vec4 v0x557d97c1adb0_0;
    %pad/u 65;
    %addi 2, 0, 65;
    %ix/vec4 4;
    %load/vec4a v0x557d97c1b5a0, 4;
    %concat/vec4; draw_concat_vec4
    %load/vec4 v0x557d97c1adb0_0;
    %pad/u 65;
    %addi 3, 0, 65;
    %ix/vec4 4;
    %load/vec4a v0x557d97c1b5a0, 4;
    %concat/vec4; draw_concat_vec4
    %load/vec4 v0x557d97c1adb0_0;
    %pad/u 65;
    %addi 4, 0, 65;
    %ix/vec4 4;
    %load/vec4a v0x557d97c1b5a0, 4;
    %concat/vec4; draw_concat_vec4
    %load/vec4 v0x557d97c1adb0_0;
    %pad/u 65;
    %addi 5, 0, 65;
    %ix/vec4 4;
    %load/vec4a v0x557d97c1b5a0, 4;
    %concat/vec4; draw_concat_vec4
    %load/vec4 v0x557d97c1adb0_0;
    %pad/u 65;
    %addi 6, 0, 65;
    %ix/vec4 4;
    %load/vec4a v0x557d97c1b5a0, 4;
    %concat/vec4; draw_concat_vec4
    %load/vec4 v0x557d97c1adb0_0;
    %pad/u 65;
    %addi 7, 0, 65;
    %ix/vec4 4;
    %load/vec4a v0x557d97c1b5a0, 4;
    %concat/vec4; draw_concat_vec4
    %load/vec4 v0x557d97c1adb0_0;
    %pad/u 65;
    %addi 8, 0, 65;
    %ix/vec4 4;
    %load/vec4a v0x557d97c1b5a0, 4;
    %concat/vec4; draw_concat_vec4
    %store/vec4 v0x557d97c1b360_0, 0, 64;
    %load/vec4 v0x557d97c1adb0_0;
    %addi 9, 0, 64;
    %store/vec4 v0x557d97c1b430_0, 0, 64;
    %jmp T_5.16;
T_5.14 ;
    %pushi/vec4 15, 0, 4;
    %store/vec4 v0x557d97c1b0d0_0, 0, 4;
    %pushi/vec4 15, 0, 4;
    %store/vec4 v0x557d97c1b190_0, 0, 4;
    %load/vec4 v0x557d97c1adb0_0;
    %pad/u 65;
    %addi 1, 0, 65;
    %ix/vec4 4;
    %load/vec4a v0x557d97c1b5a0, 4;
    %load/vec4 v0x557d97c1adb0_0;
    %pad/u 65;
    %addi 2, 0, 65;
    %ix/vec4 4;
    %load/vec4a v0x557d97c1b5a0, 4;
    %concat/vec4; draw_concat_vec4
    %load/vec4 v0x557d97c1adb0_0;
    %pad/u 65;
    %addi 3, 0, 65;
    %ix/vec4 4;
    %load/vec4a v0x557d97c1b5a0, 4;
    %concat/vec4; draw_concat_vec4
    %load/vec4 v0x557d97c1adb0_0;
    %pad/u 65;
    %addi 4, 0, 65;
    %ix/vec4 4;
    %load/vec4a v0x557d97c1b5a0, 4;
    %concat/vec4; draw_concat_vec4
    %load/vec4 v0x557d97c1adb0_0;
    %pad/u 65;
    %addi 5, 0, 65;
    %ix/vec4 4;
    %load/vec4a v0x557d97c1b5a0, 4;
    %concat/vec4; draw_concat_vec4
    %load/vec4 v0x557d97c1adb0_0;
    %pad/u 65;
    %addi 6, 0, 65;
    %ix/vec4 4;
    %load/vec4a v0x557d97c1b5a0, 4;
    %concat/vec4; draw_concat_vec4
    %load/vec4 v0x557d97c1adb0_0;
    %pad/u 65;
    %addi 7, 0, 65;
    %ix/vec4 4;
    %load/vec4a v0x557d97c1b5a0, 4;
    %concat/vec4; draw_concat_vec4
    %load/vec4 v0x557d97c1adb0_0;
    %pad/u 65;
    %addi 8, 0, 65;
    %ix/vec4 4;
    %load/vec4a v0x557d97c1b5a0, 4;
    %concat/vec4; draw_concat_vec4
    %store/vec4 v0x557d97c1b360_0, 0, 64;
    %load/vec4 v0x557d97c1adb0_0;
    %addi 9, 0, 64;
    %store/vec4 v0x557d97c1b430_0, 0, 64;
    %jmp T_5.16;
T_5.15 ;
    %pushi/vec4 15, 0, 4;
    %store/vec4 v0x557d97c1b0d0_0, 0, 4;
    %pushi/vec4 15, 0, 4;
    %store/vec4 v0x557d97c1b190_0, 0, 4;
    %pushi/vec4 0, 0, 64;
    %store/vec4 v0x557d97c1b360_0, 0, 64;
    %load/vec4 v0x557d97c1adb0_0;
    %addi 1, 0, 64;
    %store/vec4 v0x557d97c1b430_0, 0, 64;
    %jmp T_5.16;
T_5.16 ;
    %pop/vec4 1;
T_5.2 ;
    %jmp T_5;
    .thread T_5, $push;
# The file index is used to find the file name in the following table.
:file_names 3;
    "N/A";
    "<interactive>";
    "fetch.v";
